Traceback (most recent call last):
  File "/opt/hostedtoolcache/Python/3.8.15/x64/lib/python3.8/site-packages/jupyter_cache/executors/utils.py", line 51, in single_nb_execution
    executenb(
  File "/opt/hostedtoolcache/Python/3.8.15/x64/lib/python3.8/site-packages/nbclient/client.py", line 1204, in execute
    return NotebookClient(nb=nb, resources=resources, km=km, **kwargs).execute()
  File "/opt/hostedtoolcache/Python/3.8.15/x64/lib/python3.8/site-packages/nbclient/util.py", line 84, in wrapped
    return just_run(coro(*args, **kwargs))
  File "/opt/hostedtoolcache/Python/3.8.15/x64/lib/python3.8/site-packages/nbclient/util.py", line 62, in just_run
    return loop.run_until_complete(coro)
  File "/opt/hostedtoolcache/Python/3.8.15/x64/lib/python3.8/asyncio/base_events.py", line 616, in run_until_complete
    return future.result()
  File "/opt/hostedtoolcache/Python/3.8.15/x64/lib/python3.8/site-packages/nbclient/client.py", line 663, in async_execute
    await self.async_execute_cell(
  File "/opt/hostedtoolcache/Python/3.8.15/x64/lib/python3.8/site-packages/nbclient/client.py", line 965, in async_execute_cell
    await self._check_raise_for_error(cell, cell_index, exec_reply)
  File "/opt/hostedtoolcache/Python/3.8.15/x64/lib/python3.8/site-packages/nbclient/client.py", line 862, in _check_raise_for_error
    raise CellExecutionError.from_cell_and_msg(cell, exec_reply_content)
nbclient.exceptions.CellExecutionError: An error occurred while executing the following cell:
------------------
#@title
j = [['11#####', 'cases on R2', ],
 ['111111###', "register 2 is empty: go forward 6 to instruction 8 (we're done)"],
 ['111###', 'first symbol is a 1: go forward 3 to instruction 6 (to the tan section)'],
 ['1##', 'first symbol is a #: add # to R1'],
 ['1111####', 'go backward 4 to instruction 1 (to the top)'],
 ['1#', 'add 1 to R1'],
 ['111111####', 'go backward 6 to instruction 1 (to the top)']
]
 
df = pd.DataFrame(j,columns=["instruction", 'explanation'])
df.index = np.arange(1, len(df) + 1)
df.style.set_properties(**{'border': '1.3px solid green',
                          'color': 'magenta'})
n = len(df.columns)
df.style.set_properties(**{'text-align': 'left'})
#df.style.apply(lambda x: ["background-color: red"]*n if x['instruction']== 'Reading' else ["background-color: white"]*n, axis = 1)
#df.style.apply(lambda x: ["background-color: #B0E0E6"]*n if x['instruction'] in ['1##','1111####'] elif ["background-color: #D4B48C"]*n if x['instruction'] in ['1#','111111####'] else ["background-color: #FFFFCC"]*n, axis = 1)
df.style.apply(lambda x: ["background-color: #B0E0E6"]*n if x['instruction'] in ['1##','1111####']  else ["background-color: #FFFFCC"]*n, axis = 1)
df.style.apply(lambda x: 
               ["background-color: #B0E0E6"]*n if x['instruction'] in ['1##','1111####'] 
               else ["background-color: #D4B48C"]*n if x['instruction'] in ['1#','111111####']
               else ["background-color: #FFFFCC"]*n, axis = 1)

------------------

[0;31m---------------------------------------------------------------------------[0m
[0;31mNameError[0m                                 Traceback (most recent call last)
Cell [0;32mIn[1], line 11[0m
[1;32m      1[0m [38;5;66;03m#@title[39;00m
[1;32m      2[0m j [38;5;241m=[39m [[[38;5;124m'[39m[38;5;124m11#####[39m[38;5;124m'[39m, [38;5;124m'[39m[38;5;124mcases on R2[39m[38;5;124m'[39m, ],
[1;32m      3[0m  [[38;5;124m'[39m[38;5;124m111111###[39m[38;5;124m'[39m, [38;5;124m"[39m[38;5;124mregister 2 is empty: go forward 6 to instruction 8 (we[39m[38;5;124m'[39m[38;5;124mre done)[39m[38;5;124m"[39m],
[1;32m      4[0m  [[38;5;124m'[39m[38;5;124m111###[39m[38;5;124m'[39m, [38;5;124m'[39m[38;5;124mfirst symbol is a 1: go forward 3 to instruction 6 (to the tan section)[39m[38;5;124m'[39m],
[0;32m   (...)[0m
[1;32m      8[0m  [[38;5;124m'[39m[38;5;124m111111####[39m[38;5;124m'[39m, [38;5;124m'[39m[38;5;124mgo backward 6 to instruction 1 (to the top)[39m[38;5;124m'[39m]
[1;32m      9[0m ]
[0;32m---> 11[0m df [38;5;241m=[39m [43mpd[49m[38;5;241m.[39mDataFrame(j,columns[38;5;241m=[39m[[38;5;124m"[39m[38;5;124minstruction[39m[38;5;124m"[39m, [38;5;124m'[39m[38;5;124mexplanation[39m[38;5;124m'[39m])
[1;32m     12[0m df[38;5;241m.[39mindex [38;5;241m=[39m np[38;5;241m.[39marange([38;5;241m1[39m, [38;5;28mlen[39m(df) [38;5;241m+[39m [38;5;241m1[39m)
[1;32m     13[0m df[38;5;241m.[39mstyle[38;5;241m.[39mset_properties([38;5;241m*[39m[38;5;241m*[39m{[38;5;124m'[39m[38;5;124mborder[39m[38;5;124m'[39m: [38;5;124m'[39m[38;5;124m1.3px solid green[39m[38;5;124m'[39m,
[1;32m     14[0m                           [38;5;124m'[39m[38;5;124mcolor[39m[38;5;124m'[39m: [38;5;124m'[39m[38;5;124mmagenta[39m[38;5;124m'[39m})

[0;31mNameError[0m: name 'pd' is not defined
NameError: name 'pd' is not defined

